25-Apr-2026 23:22:24.085 INFO [main] org.apache.catalina.startup.VersionLoggerListener.log Server version name:   Apache Tomcat/9.0.117
25-Apr-2026 23:22:24.088 INFO [main] org.apache.catalina.startup.VersionLoggerListener.log Server built:          Mar 30 2026 18:21:16 UTC
25-Apr-2026 23:22:24.089 INFO [main] org.apache.catalina.startup.VersionLoggerListener.log Server version number: 9.0.117.0
25-Apr-2026 23:22:24.089 INFO [main] org.apache.catalina.startup.VersionLoggerListener.log OS Name:               Windows 10
25-Apr-2026 23:22:24.089 INFO [main] org.apache.catalina.startup.VersionLoggerListener.log OS Version:            10.0
25-Apr-2026 23:22:24.089 INFO [main] org.apache.catalina.startup.VersionLoggerListener.log Architecture:          amd64
25-Apr-2026 23:22:24.089 INFO [main] org.apache.catalina.startup.VersionLoggerListener.log Java Home:             C:\Users\ADMIN\.jdks\ms-21.0.9
25-Apr-2026 23:22:24.089 INFO [main] org.apache.catalina.startup.VersionLoggerListener.log JVM Version:           21.0.9+10-LTS
25-Apr-2026 23:22:24.089 INFO [main] org.apache.catalina.startup.VersionLoggerListener.log JVM Vendor:            Microsoft
25-Apr-2026 23:22:24.089 INFO [main] org.apache.catalina.startup.VersionLoggerListener.log CATALINA_BASE:         E:\Module3_SQL\apache-tomcat-9.0.117
25-Apr-2026 23:22:24.089 INFO [main] org.apache.catalina.startup.VersionLoggerListener.log CATALINA_HOME:         E:\Module3_SQL\apache-tomcat-9.0.117
25-Apr-2026 23:22:24.106 INFO [main] org.apache.catalina.startup.VersionLoggerListener.log Command line argument: -Djava.util.logging.config.file=e:\Module3_SQL\apache-tomcat-9.0.117/conf/logging.properties
25-Apr-2026 23:22:24.106 INFO [main] org.apache.catalina.startup.VersionLoggerListener.log Command line argument: -Djava.util.logging.manager=org.apache.juli.ClassLoaderLogManager
25-Apr-2026 23:22:24.106 INFO [main] org.apache.catalina.startup.VersionLoggerListener.log Command line argument: -Djdk.tls.ephemeralDHKeySize=2048
25-Apr-2026 23:22:24.106 INFO [main] org.apache.catalina.startup.VersionLoggerListener.log Command line argument: -Djava.protocol.handler.pkgs=org.apache.catalina.webresources
25-Apr-2026 23:22:24.106 INFO [main] org.apache.catalina.startup.VersionLoggerListener.log Command line argument: -Dorg.apache.catalina.security.SecurityListener.UMASK=0027
25-Apr-2026 23:22:24.106 INFO [main] org.apache.catalina.startup.VersionLoggerListener.log Command line argument: -Dcatalina.base=e:\Module3_SQL\apache-tomcat-9.0.117
25-Apr-2026 23:22:24.106 INFO [main] org.apache.catalina.startup.VersionLoggerListener.log Command line argument: -Dcatalina.home=e:\Module3_SQL\apache-tomcat-9.0.117
25-Apr-2026 23:22:24.107 INFO [main] org.apache.catalina.startup.VersionLoggerListener.log Command line argument: -Djava.io.tmpdir=e:\Module3_SQL\apache-tomcat-9.0.117/temp
25-Apr-2026 23:22:24.115 INFO [main] org.apache.catalina.core.AprLifecycleListener.lifecycleEvent The Apache Tomcat Native library which allows using OpenSSL was not found on the java.library.path: [C:\Users\ADMIN\.jdks\ms-21.0.9\bin;C:\Windows\Sun\Java\bin;C:\Windows\system32;C:\Windows;C:\Users\ADMIN\AppData\Local\Programs\Microsoft VS Code;C:\Program Files\Eclipse Adoptium\jdk-17.0.17.10-hotspot\bin;C:\Windows\system32;C:\Windows;C:\Windows\System32\Wbem;C:\Windows\System32\WindowsPowerShell\v1.0\;C:\Windows\System32\OpenSSH\;C:\Program Files\Azure Data Studio\bin;D:\Git\cmd;C:\Program Files\dotnet\;C:\Program Files\Git\cmd;C:\Program Files (x86)\Microsoft SQL Server\170\Tools\Binn\;C:\Program Files\Microsoft SQL Server\170\Tools\Binn\;C:\Program Files\Microsoft SQL Server\Client SDK\ODBC\180\Tools\Binn\;C:\Program Files\Microsoft SQL Server\170\DTS\Binn\;C:\Program Files\MySQL\MySQL Shell 8.0\bin\;C:\Users\ADMIN\AppData\Local\Programs\Python\Launcher\;C:\Users\ADMIN\AppData\Local\Microsoft\WindowsApps;C:\Program Files\Azure Data Studio\bin;D:\Microsoft VS Code\bin;C:\Users\ADMIN\AppData\Local\Programs\Microsoft VS Code\bin;C:\Users\ADMIN\AppData\Local\Programs\MiKTeX\miktex\bin\x64\;C:\msys64\ucrt64\bin;C:\msys64\mingw64\bin;;.]
25-Apr-2026 23:22:24.427 INFO [main] org.apache.coyote.AbstractProtocol.init Initializing ProtocolHandler ["http-nio-8080"]
25-Apr-2026 23:22:24.444 INFO [main] org.apache.catalina.startup.Catalina.load Server initialization in [504] milliseconds
25-Apr-2026 23:22:24.489 INFO [main] org.apache.catalina.core.StandardService.startInternal Starting service [Catalina]
25-Apr-2026 23:22:24.489 INFO [main] org.apache.catalina.core.StandardEngine.startInternal Starting Servlet engine: [Apache Tomcat/9.0.117]
25-Apr-2026 23:22:24.497 INFO [main] org.apache.catalina.startup.HostConfig.deployDirectory Deploying web application directory [E:\Module3_SQL\apache-tomcat-9.0.117\webapps\docs]
25-Apr-2026 23:22:24.746 INFO [main] org.apache.catalina.startup.HostConfig.deployDirectory Deployment of web application directory [E:\Module3_SQL\apache-tomcat-9.0.117\webapps\docs] has finished in [250] ms
25-Apr-2026 23:22:24.747 INFO [main] org.apache.catalina.startup.HostConfig.deployDirectory Deploying web application directory [E:\Module3_SQL\apache-tomcat-9.0.117\webapps\examples]
25-Apr-2026 23:22:25.919 INFO [main] org.apache.catalina.startup.HostConfig.deployDirectory Deployment of web application directory [E:\Module3_SQL\apache-tomcat-9.0.117\webapps\examples] has finished in [1,172] ms
25-Apr-2026 23:22:25.919 INFO [main] org.apache.catalina.startup.HostConfig.deployDirectory Deploying web application directory [E:\Module3_SQL\apache-tomcat-9.0.117\webapps\host-manager]
25-Apr-2026 23:22:25.970 INFO [main] org.apache.catalina.startup.HostConfig.deployDirectory Deployment of web application directory [E:\Module3_SQL\apache-tomcat-9.0.117\webapps\host-manager] has finished in [51] ms
25-Apr-2026 23:22:25.970 INFO [main] org.apache.catalina.startup.HostConfig.deployDirectory Deploying web application directory [E:\Module3_SQL\apache-tomcat-9.0.117\webapps\manager]
25-Apr-2026 23:22:26.003 INFO [main] org.apache.catalina.startup.HostConfig.deployDirectory Deployment of web application directory [E:\Module3_SQL\apache-tomcat-9.0.117\webapps\manager] has finished in [33] ms
25-Apr-2026 23:22:26.003 INFO [main] org.apache.catalina.startup.HostConfig.deployDirectory Deploying web application directory [E:\Module3_SQL\apache-tomcat-9.0.117\webapps\ROOT]
25-Apr-2026 23:22:26.042 INFO [main] org.apache.catalina.startup.HostConfig.deployDirectory Deployment of web application directory [E:\Module3_SQL\apache-tomcat-9.0.117\webapps\ROOT] has finished in [39] ms
25-Apr-2026 23:22:26.046 INFO [main] org.apache.coyote.AbstractProtocol.start Starting ProtocolHandler ["http-nio-8080"]
25-Apr-2026 23:22:26.076 INFO [main] org.apache.catalina.startup.Catalina.start Server startup in [1629] milliseconds
